{"uid":"3d11c976de06c250","name":"Login_EmptyCredentials_FailsIncorrectly","fullName":"UITests:UITests.Tests.LoginTests.Login_EmptyCredentials_FailsIncorrectly()","historyId":"92ca843edc4dbd5a41ee4190ecedb3df","time":{"start":1747657766469,"stop":1747657794153,"duration":27684},"description":"Llogin with empty credentials, expected to fail.","descriptionHtml":"<p>Llogin with empty credentials, expected to fail.</p>\n","status":"broken","statusMessage":"OpenQA.Selenium.WebDriverTimeoutException : Timed out after 10 seconds\n  ----> OpenQA.Selenium.NoSuchElementException : no such element: Unable to locate element: {\"method\":\"css selector\",\"selector\":\"ry-log-out-button button\"}\n  (Session info: chrome=136.0.7103.92); For documentation on this error, please visit: https://www.selenium.dev/documentation/webdriver/troubleshooting/errors#no-such-element-exception","statusTrace":"   at OpenQA.Selenium.Support.UI.DefaultWait`1.ThrowTimeoutException(String exceptionMessage, Exception lastException)\n   at OpenQA.Selenium.Support.UI.DefaultWait`1.Until[TResult](Func`2 condition, CancellationToken token)\n   at OpenQA.Selenium.Support.UI.DefaultWait`1.Until[TResult](Func`2 condition)\n   at UITests.Pages.HomePage.IsLoggedIn() in /home/runner/work/dotnet-selenium-framework/dotnet-selenium-framework/UITests/Pages/HomePage.cs:line 76\n   at UITests.Tests.LoginTests.<>c__DisplayClass2_0.<Login_EmptyCredentials_FailsIncorrectly>b__2() in /home/runner/work/dotnet-selenium-framework/dotnet-selenium-framework/UITests/Tests/Authentication/LoginTests.cs:line 61\n   at UITests.Helpers.AssertHelper.<>c__DisplayClass0_0.<StepAssert>b__0() in /home/runner/work/dotnet-selenium-framework/dotnet-selenium-framework/UITests/Helpers/AssertHelper.cs:line 23\n   at Allure.Net.Commons.AllureApi.<>c__DisplayClass34_0.<Step>b__0()\n   at Allure.Net.Commons.AllureApi.ExecuteAction[T](String name, Action`1 start, Func`1 action, Action`1 resolve)\n   at Allure.Net.Commons.AllureApi.ExecuteStep[T](String name, Func`1 action)\n   at Allure.Net.Commons.AllureApi.Step(String name, Action action)\n   at UITests.Helpers.AssertHelper.StepAssert(Func`1 condition, String stepDescription, Nullable`1 timeoutSeconds) in /home/runner/work/dotnet-selenium-framework/dotnet-selenium-framework/UITests/Helpers/AssertHelper.cs:line 13\n   at UITests.Tests.LoginTests.Login_EmptyCredentials_FailsIncorrectly() in /home/runner/work/dotnet-selenium-framework/dotnet-selenium-framework/UITests/Tests/Authentication/LoginTests.cs:line 61\n   at System.RuntimeMethodHandle.InvokeMethod(Object target, Void** arguments, Signature sig, Boolean isConstructor)\n   at System.Reflection.MethodBaseInvoker.InvokeWithNoArgs(Object obj, BindingFlags invokeAttr)\n--NoSuchElementException\n   at OpenQA.Selenium.WebDriver.UnpackAndThrowOnError(Response errorResponse, String commandToExecute)\n   at OpenQA.Selenium.WebDriver.ExecuteAsync(String driverCommandToExecute, Dictionary`2 parameters)\n   at OpenQA.Selenium.WebDriver.Execute(String driverCommandToExecute, Dictionary`2 parameters)\n   at OpenQA.Selenium.WebDriver.FindElement(String mechanism, String value)\n   at OpenQA.Selenium.By.<.ctor>b__11_0(ISearchContext context)\n   at OpenQA.Selenium.By.FindElement(ISearchContext context)\n   at OpenQA.Selenium.WebDriver.FindElement(By by)\n   at UITests.Pages.HomePage.<>c.<IsLoggedIn>b__11_0(IWebDriver d) in /home/runner/work/dotnet-selenium-framework/dotnet-selenium-framework/UITests/Pages/HomePage.cs:line 76\n   at OpenQA.Selenium.Support.UI.DefaultWait`1.Until[TResult](Func`2 condition, CancellationToken token)","flaky":false,"newFailed":false,"newBroken":false,"newPassed":false,"retriesCount":0,"retriesStatusChange":false,"beforeStages":[],"testStage":{"description":"Llogin with empty credentials, expected to fail.","status":"broken","statusMessage":"OpenQA.Selenium.WebDriverTimeoutException : Timed out after 10 seconds\n  ----> OpenQA.Selenium.NoSuchElementException : no such element: Unable to locate element: {\"method\":\"css selector\",\"selector\":\"ry-log-out-button button\"}\n  (Session info: chrome=136.0.7103.92); For documentation on this error, please visit: https://www.selenium.dev/documentation/webdriver/troubleshooting/errors#no-such-element-exception","statusTrace":"   at OpenQA.Selenium.Support.UI.DefaultWait`1.ThrowTimeoutException(String exceptionMessage, Exception lastException)\n   at OpenQA.Selenium.Support.UI.DefaultWait`1.Until[TResult](Func`2 condition, CancellationToken token)\n   at OpenQA.Selenium.Support.UI.DefaultWait`1.Until[TResult](Func`2 condition)\n   at UITests.Pages.HomePage.IsLoggedIn() in /home/runner/work/dotnet-selenium-framework/dotnet-selenium-framework/UITests/Pages/HomePage.cs:line 76\n   at UITests.Tests.LoginTests.<>c__DisplayClass2_0.<Login_EmptyCredentials_FailsIncorrectly>b__2() in /home/runner/work/dotnet-selenium-framework/dotnet-selenium-framework/UITests/Tests/Authentication/LoginTests.cs:line 61\n   at UITests.Helpers.AssertHelper.<>c__DisplayClass0_0.<StepAssert>b__0() in /home/runner/work/dotnet-selenium-framework/dotnet-selenium-framework/UITests/Helpers/AssertHelper.cs:line 23\n   at Allure.Net.Commons.AllureApi.<>c__DisplayClass34_0.<Step>b__0()\n   at Allure.Net.Commons.AllureApi.ExecuteAction[T](String name, Action`1 start, Func`1 action, Action`1 resolve)\n   at Allure.Net.Commons.AllureApi.ExecuteStep[T](String name, Func`1 action)\n   at Allure.Net.Commons.AllureApi.Step(String name, Action action)\n   at UITests.Helpers.AssertHelper.StepAssert(Func`1 condition, String stepDescription, Nullable`1 timeoutSeconds) in /home/runner/work/dotnet-selenium-framework/dotnet-selenium-framework/UITests/Helpers/AssertHelper.cs:line 13\n   at UITests.Tests.LoginTests.Login_EmptyCredentials_FailsIncorrectly() in /home/runner/work/dotnet-selenium-framework/dotnet-selenium-framework/UITests/Tests/Authentication/LoginTests.cs:line 61\n   at System.RuntimeMethodHandle.InvokeMethod(Object target, Void** arguments, Signature sig, Boolean isConstructor)\n   at System.Reflection.MethodBaseInvoker.InvokeWithNoArgs(Object obj, BindingFlags invokeAttr)\n--NoSuchElementException\n   at OpenQA.Selenium.WebDriver.UnpackAndThrowOnError(Response errorResponse, String commandToExecute)\n   at OpenQA.Selenium.WebDriver.ExecuteAsync(String driverCommandToExecute, Dictionary`2 parameters)\n   at OpenQA.Selenium.WebDriver.Execute(String driverCommandToExecute, Dictionary`2 parameters)\n   at OpenQA.Selenium.WebDriver.FindElement(String mechanism, String value)\n   at OpenQA.Selenium.By.<.ctor>b__11_0(ISearchContext context)\n   at OpenQA.Selenium.By.FindElement(ISearchContext context)\n   at OpenQA.Selenium.WebDriver.FindElement(By by)\n   at UITests.Pages.HomePage.<>c.<IsLoggedIn>b__11_0(IWebDriver d) in /home/runner/work/dotnet-selenium-framework/dotnet-selenium-framework/UITests/Pages/HomePage.cs:line 76\n   at OpenQA.Selenium.Support.UI.DefaultWait`1.Until[TResult](Func`2 condition, CancellationToken token)","steps":[{"name":"Open login modal","time":{"start":1747657780702,"stop":1747657781393,"duration":691},"status":"passed","steps":[],"attachments":[],"parameters":[],"shouldDisplayMessage":false,"stepsCount":0,"attachmentsCount":0,"hasContent":false},{"name":"Attempt login with empty credentials","time":{"start":1747657781393,"stop":1747657783504,"duration":2111},"status":"passed","steps":[],"attachments":[],"parameters":[],"shouldDisplayMessage":false,"stepsCount":0,"attachmentsCount":0,"hasContent":false},{"name":"Logout button should be visible after login (incorrectly expected)","time":{"start":1747657783505,"stop":1747657793910,"duration":10405},"status":"broken","statusMessage":"Timed out after 10 seconds","statusTrace":"OpenQA.Selenium.WebDriverTimeoutException: Timed out after 10 seconds\n ---> OpenQA.Selenium.NoSuchElementException: no such element: Unable to locate element: {\"method\":\"css selector\",\"selector\":\"ry-log-out-button button\"}\n  (Session info: chrome=136.0.7103.92); For documentation on this error, please visit: https://www.selenium.dev/documentation/webdriver/troubleshooting/errors#no-such-element-exception\n   at OpenQA.Selenium.WebDriver.UnpackAndThrowOnError(Response errorResponse, String commandToExecute)\n   at OpenQA.Selenium.WebDriver.ExecuteAsync(String driverCommandToExecute, Dictionary`2 parameters)\n   at OpenQA.Selenium.WebDriver.Execute(String driverCommandToExecute, Dictionary`2 parameters)\n   at OpenQA.Selenium.WebDriver.FindElement(String mechanism, String value)\n   at OpenQA.Selenium.By.<.ctor>b__11_0(ISearchContext context)\n   at OpenQA.Selenium.By.FindElement(ISearchContext context)\n   at OpenQA.Selenium.WebDriver.FindElement(By by)\n   at UITests.Pages.HomePage.<>c.<IsLoggedIn>b__11_0(IWebDriver d) in /home/runner/work/dotnet-selenium-framework/dotnet-selenium-framework/UITests/Pages/HomePage.cs:line 76\n   at OpenQA.Selenium.Support.UI.DefaultWait`1.Until[TResult](Func`2 condition, CancellationToken token)\n   --- End of inner exception stack trace ---\n   at OpenQA.Selenium.Support.UI.DefaultWait`1.ThrowTimeoutException(String exceptionMessage, Exception lastException)\n   at OpenQA.Selenium.Support.UI.DefaultWait`1.Until[TResult](Func`2 condition, CancellationToken token)\n   at OpenQA.Selenium.Support.UI.DefaultWait`1.Until[TResult](Func`2 condition)\n   at UITests.Pages.HomePage.IsLoggedIn() in /home/runner/work/dotnet-selenium-framework/dotnet-selenium-framework/UITests/Pages/HomePage.cs:line 76\n   at UITests.Tests.LoginTests.<>c__DisplayClass2_0.<Login_EmptyCredentials_FailsIncorrectly>b__2() in /home/runner/work/dotnet-selenium-framework/dotnet-selenium-framework/UITests/Tests/Authentication/LoginTests.cs:line 61\n   at UITests.Helpers.AssertHelper.<>c__DisplayClass0_0.<StepAssert>b__0() in /home/runner/work/dotnet-selenium-framework/dotnet-selenium-framework/UITests/Helpers/AssertHelper.cs:line 23\n   at Allure.Net.Commons.AllureApi.<>c__DisplayClass34_0.<Step>b__0()\n   at Allure.Net.Commons.AllureApi.ExecuteAction[T](String name, Action`1 start, Func`1 action, Action`1 resolve)\n   at Allure.Net.Commons.AllureApi.ExecuteStep[T](String name, Func`1 action)\n   at Allure.Net.Commons.AllureApi.Step(String name, Action action)\n   at UITests.Helpers.AssertHelper.StepAssert(Func`1 condition, String stepDescription, Nullable`1 timeoutSeconds) in /home/runner/work/dotnet-selenium-framework/dotnet-selenium-framework/UITests/Helpers/AssertHelper.cs:line 13\n   at UITests.Tests.LoginTests.Login_EmptyCredentials_FailsIncorrectly() in /home/runner/work/dotnet-selenium-framework/dotnet-selenium-framework/UITests/Tests/Authentication/LoginTests.cs:line 61\n   at System.RuntimeMethodHandle.InvokeMethod(Object target, Void** arguments, Signature sig, Boolean isConstructor)\n   at System.Reflection.MethodBaseInvoker.InvokeWithNoArgs(Object obj, BindingFlags invokeAttr)","steps":[],"attachments":[],"parameters":[],"shouldDisplayMessage":true,"stepsCount":0,"attachmentsCount":0,"hasContent":true}],"attachments":[{"uid":"54a5f0b2cf13c133","name":"Screenshot on Failure - Login_EmptyCredentials_FailsIncorrectly","source":"54a5f0b2cf13c133.png","type":"image/png","size":313119}],"parameters":[],"shouldDisplayMessage":true,"stepsCount":3,"attachmentsCount":1,"hasContent":true},"afterStages":[],"labels":[{"name":"thread","value":"NUnit.Fw.ParallelWorker#3"},{"name":"host","value":"fv-az807-628"},{"name":"language","value":"C#"},{"name":"framework","value":"NUnit 3"},{"name":"package","value":"UITests.Tests"},{"name":"testMethod","value":"Login_EmptyCredentials_FailsIncorrectly"},{"name":"testClass","value":"LoginTests"},{"name":"story","value":"User attempts login with empty credentials"},{"name":"tag","value":"NegativeTest"},{"name":"tag","value":"FailingTest"},{"name":"suite","value":"Login"},{"name":"subSuite","value":"Regression"},{"name":"epic","value":"Authentication"},{"name":"feature","value":"Login functionality"},{"name":"owner","value":"Mark"},{"name":"tag","value":"Login"},{"name":"tag","value":"CriticalPath"},{"name":"severity","value":"critical"},{"name":"tag","value":"Regression"},{"name":"resultFormat","value":"allure2"}],"parameters":[],"links":[{"name":"RYANAIR-101","url":"https://jira.company.com/RYANAIR-101","type":"link"},{"name":"BUG-202","url":"https://jira.company.com/BUG-202","type":"link"}],"hidden":false,"retry":false,"extra":{"severity":"critical","owner":"Mark","retries":[],"categories":[{"name":"Test defects","matchedStatuses":[],"flaky":false}],"tags":["FailingTest","Regression","NegativeTest","Login","CriticalPath"]},"source":"3d11c976de06c250.json","parameterValues":[]}